2025-03-24 10:29:00,251 - INFO - Iniciando coleta de URLs...
2025-03-24 10:29:03,461 - ERROR - Erro na API: 401 Client Error: Unauthorized for url: http://api.scraperapi.com/?api_key=sua_chave_aqui&url=https%3A%2F%2Fwww.amazon.com.br%2Fs%3Fk%3Dofertas&render=true&country_code=br
2025-03-24 10:29:03,461 - ERROR - Nenhuma URL encontrada!
2025-03-24 10:29:05,892 - INFO - Driver fechado
2025-03-24 10:34:16,970 - INFO - Iniciando coleta de URLs...
2025-03-24 10:34:17,839 - ERROR - Erro na API: 401 Client Error: Unauthorized for url: http://api.scraperapi.com/?api_key=sua_chave_aqui&url=https%3A%2F%2Fwww.amazon.com.br%2Fs%3Fk%3Dofertas&render=true&country_code=br
2025-03-24 10:34:17,839 - ERROR - Nenhuma URL encontrada!
2025-03-24 10:34:20,106 - INFO - Driver fechado
2025-03-25 09:50:59,349 - WARNING - Falha ao aceitar cookies: Message: 
Stacktrace:
	GetHandleVerifier [0x00007FF762DD4C25+3179557]
	(No symbol) [0x00007FF762A388A0]
	(No symbol) [0x00007FF7628C91CA]
	(No symbol) [0x00007FF76291FA67]
	(No symbol) [0x00007FF76291FC9C]
	(No symbol) [0x00007FF762973627]
	(No symbol) [0x00007FF762947C6F]
	(No symbol) [0x00007FF7629702F3]
	(No symbol) [0x00007FF762947A03]
	(No symbol) [0x00007FF7629106D0]
	(No symbol) [0x00007FF762911983]
	GetHandleVerifier [0x00007FF762E367CD+3579853]
	GetHandleVerifier [0x00007FF762E4D1D2+3672530]
	GetHandleVerifier [0x00007FF762E42153+3627347]
	GetHandleVerifier [0x00007FF762BA092A+868650]
	(No symbol) [0x00007FF762A42FFF]
	(No symbol) [0x00007FF762A3F4A4]
	(No symbol) [0x00007FF762A3F646]
	(No symbol) [0x00007FF762A2EAA9]
	BaseThreadInitThunk [0x00007FF80005259D+29]
	RtlUserThreadStart [0x00007FF800FAAF38+40]

2025-03-25 09:51:16,819 - ERROR - Erro crítico durante scraping: Message: 
Stacktrace:
	GetHandleVerifier [0x00007FF762DD4C25+3179557]
	(No symbol) [0x00007FF762A388A0]
	(No symbol) [0x00007FF7628C91CA]
	(No symbol) [0x00007FF76291FA67]
	(No symbol) [0x00007FF76291FC9C]
	(No symbol) [0x00007FF762973627]
	(No symbol) [0x00007FF762947C6F]
	(No symbol) [0x00007FF7629702F3]
	(No symbol) [0x00007FF762947A03]
	(No symbol) [0x00007FF7629106D0]
	(No symbol) [0x00007FF762911983]
	GetHandleVerifier [0x00007FF762E367CD+3579853]
	GetHandleVerifier [0x00007FF762E4D1D2+3672530]
	GetHandleVerifier [0x00007FF762E42153+3627347]
	GetHandleVerifier [0x00007FF762BA092A+868650]
	(No symbol) [0x00007FF762A42FFF]
	(No symbol) [0x00007FF762A3F4A4]
	(No symbol) [0x00007FF762A3F646]
	(No symbol) [0x00007FF762A2EAA9]
	BaseThreadInitThunk [0x00007FF80005259D+29]
	RtlUserThreadStart [0x00007FF800FAAF38+40]

2025-03-25 09:51:19,548 - INFO - Navegador finalizado
2025-03-25 09:51:19,819 - INFO - Dados salvos em ofertas_mercadolivre.xlsx - 0 registros
2025-03-26 09:53:20,678 - INFO - Iniciando coleta de URLs...
2025-03-26 09:53:48,386 - ERROR - Erro na API: 401 Client Error: Unauthorized for url: http://api.scraperapi.com/?api_key=sua_chave_aqui&url=https%3A%2F%2Fwww.amazon.com.br%2Fs%3Fk%3Dofertas&render=true&country_code=br
2025-03-26 09:53:48,389 - ERROR - Nenhuma URL encontrada!
2025-03-26 09:53:51,298 - INFO - Driver fechado
2025-03-26 10:00:59,698 - INFO - Iniciando coleta de URLs...
2025-03-26 10:01:04,167 - ERROR - Erro na API: 401 Client Error: Unauthorized for url: http://api.scraperapi.com/?api_key=sua_chave_aqui&url=https%3A%2F%2Fwww.amazon.com.br%2Fs%3Fk%3Dofertas&render=true&country_code=br
2025-03-26 10:01:04,169 - ERROR - Nenhuma URL encontrada!
2025-03-26 10:01:06,699 - INFO - Driver fechado
