2025-03-21 09:16:32,163 - INFO - ====== WebDriver manager ======
2025-03-21 09:16:34,345 - INFO - Get LATEST chromedriver version for google-chrome
2025-03-21 09:16:35,053 - INFO - Get LATEST chromedriver version for google-chrome
2025-03-21 09:16:35,718 - INFO - Driver [C:\Users\19880\.wdm\drivers\chromedriver\win64\134.0.6998.90\chromedriver-win32/chromedriver.exe] found in cache
2025-03-21 09:16:39,676 - WARNING - Não foi possível determinar o total de produtos
2025-03-21 09:16:39,676 - INFO - Iniciando scraping de 3 páginas
2025-03-21 09:16:39,676 - INFO - Processando página 1/3
2025-03-21 09:16:41,896 - INFO - Processando página 2/3
2025-03-21 09:16:45,272 - INFO - Processando página 3/3
2025-03-21 09:16:47,368 - INFO - Scraping completo. Total coletado: 0 produtos
2025-03-21 14:18:11,377 - INFO - ====== WebDriver manager ======
2025-03-21 14:18:14,001 - INFO - Get LATEST chromedriver version for google-chrome
2025-03-21 14:18:14,996 - INFO - Get LATEST chromedriver version for google-chrome
2025-03-21 14:18:15,569 - INFO - There is no [win64] chromedriver "134.0.6998.165" for browser google-chrome "134.0.6998" in cache
2025-03-21 14:18:15,569 - INFO - Get LATEST chromedriver version for google-chrome
2025-03-21 14:18:17,012 - INFO - WebDriver version 134.0.6998.165 selected
2025-03-21 14:18:17,019 - INFO - Modern chrome version https://storage.googleapis.com/chrome-for-testing-public/134.0.6998.165/win32/chromedriver-win32.zip
2025-03-21 14:18:17,019 - INFO - About to download new driver from https://storage.googleapis.com/chrome-for-testing-public/134.0.6998.165/win32/chromedriver-win32.zip
2025-03-21 14:18:17,662 - INFO - Driver downloading response is 200
2025-03-21 14:18:18,591 - INFO - Get LATEST chromedriver version for google-chrome
2025-03-21 14:18:19,525 - INFO - Driver has been saved in cache [C:\Users\19880\.wdm\drivers\chromedriver\win64\134.0.6998.165]
2025-03-21 14:18:28,972 - INFO - Iniciando scraping de 1 páginas
2025-03-21 14:18:28,972 - INFO - Processando página 1/1
2025-03-21 14:18:32,837 - INFO - Scraping completo. Total coletado: 0 produtos
